<?xml version="1.0" encoding="UTF-8"?>
<testng-results ignored="0" total="2" passed="2" failed="0" skipped="0">
  <reporter-output>
  </reporter-output>
  <suite started-at="2026-03-02T17:02:51 CET" name="Default Suite" finished-at="2026-03-02T17:03:02 CET" duration-ms="10565">
    <groups>
    </groups>
    <test started-at="2026-03-02T17:02:51 CET" name="SeleniumVezbi" finished-at="2026-03-02T17:03:02 CET" duration-ms="10565">
      <class name="org.example.SeleniumTest">
        <test-method is-config="true" signature="setup()[pri:0, instance:org.example.SeleniumTest@15c43bd9]" started-at="2026-03-02T17:02:51 CET" name="setup" finished-at="2026-03-02T17:02:56 CET" duration-ms="5284" status="PASS">
          <reporter-output>
          </reporter-output>
        </test-method> <!-- setup -->
        <test-method signature="invalidLoginTest()[pri:0, instance:org.example.SeleniumTest@15c43bd9]" started-at="2026-03-02T17:02:56 CET" name="invalidLoginTest" finished-at="2026-03-02T17:02:57 CET" duration-ms="660" status="PASS">
          <reporter-output>
          </reporter-output>
        </test-method> <!-- invalidLoginTest -->
        <test-method is-config="true" signature="teardown()[pri:0, instance:org.example.SeleniumTest@15c43bd9]" started-at="2026-03-02T17:02:57 CET" name="teardown" finished-at="2026-03-02T17:02:57 CET" duration-ms="364" status="PASS">
          <reporter-output>
          </reporter-output>
        </test-method> <!-- teardown -->
        <test-method is-config="true" signature="setup()[pri:0, instance:org.example.SeleniumTest@15c43bd9]" started-at="2026-03-02T17:02:57 CET" name="setup" finished-at="2026-03-02T17:03:00 CET" duration-ms="2904" status="PASS">
          <reporter-output>
          </reporter-output>
        </test-method> <!-- setup -->
        <test-method signature="validLoginTest()[pri:0, instance:org.example.SeleniumTest@15c43bd9]" started-at="2026-03-02T17:03:00 CET" name="validLoginTest" finished-at="2026-03-02T17:03:01 CET" duration-ms="778" status="PASS">
          <reporter-output>
          </reporter-output>
        </test-method> <!-- validLoginTest -->
        <test-method is-config="true" signature="teardown()[pri:0, instance:org.example.SeleniumTest@15c43bd9]" started-at="2026-03-02T17:03:01 CET" name="teardown" finished-at="2026-03-02T17:03:02 CET" duration-ms="475" status="PASS">
          <reporter-output>
          </reporter-output>
        </test-method> <!-- teardown -->
      </class> <!-- org.example.SeleniumTest -->
    </test> <!-- SeleniumVezbi -->
  </suite> <!-- Default Suite -->
</testng-results>
